TN:
SF:src\components\layout\Layout.jsx
FN:3,Layout
FNF:1
FNH:1
FNDA:2,Layout
DA:4,2
LF:1
LH:1
BRF:0
BRH:0
end_of_record
TN:
SF:src\components\layout\Sidebar.jsx
FN:12,Sidebar
FN:34,(anonymous_1)
FN:46,(anonymous_2)
FN:62,(anonymous_3)
FNF:4
FNH:4
FNDA:5,Sidebar
FNDA:30,(anonymous_1)
FNDA:2,(anonymous_2)
FNDA:1,(anonymous_3)
DA:3,1
DA:13,5
DA:14,5
DA:15,5
DA:17,5
DA:19,5
DA:35,30
DA:36,30
DA:37,30
DA:42,30
DA:43,30
DA:46,2
DA:63,1
DA:64,1
DA:65,1
LF:15
LH:15
BRDA:17,0,0,5
BRDA:17,0,1,0
BRDA:29,1,0,5
BRDA:29,1,1,0
BRDA:36,2,0,30
BRDA:36,2,1,0
BRDA:37,3,0,5
BRDA:37,3,1,25
BRDA:39,4,0,25
BRDA:39,4,1,0
BRDA:48,5,0,0
BRDA:48,5,1,30
BRF:12
BRH:7
end_of_record
TN:
SF:src\pages\CreateTeamPage.jsx
FN:6,getUserIdFromToken
FN:18,CreateTeamPage
FN:27,(anonymous_2)
FN:38,(anonymous_3)
FN:39,(anonymous_4)
FN:40,(anonymous_5)
FN:44,(anonymous_6)
FN:46,(anonymous_7)
FN:49,(anonymous_8)
FN:51,(anonymous_9)
FN:51,(anonymous_10)
FN:54,(anonymous_11)
FN:63,(anonymous_12)
FN:76,(anonymous_13)
FN:103,(anonymous_14)
FN:130,(anonymous_15)
FN:156,(anonymous_16)
FN:168,(anonymous_17)
FN:183,(anonymous_18)
FN:195,(anonymous_19)
FN:207,(anonymous_20)
FNF:21
FNH:14
FNDA:2,getUserIdFromToken
FNDA:42,CreateTeamPage
FNDA:35,(anonymous_2)
FNDA:0,(anonymous_3)
FNDA:0,(anonymous_4)
FNDA:0,(anonymous_5)
FNDA:4,(anonymous_6)
FNDA:4,(anonymous_7)
FNDA:1,(anonymous_8)
FNDA:1,(anonymous_9)
FNDA:2,(anonymous_10)
FNDA:2,(anonymous_11)
FNDA:1,(anonymous_12)
FNDA:0,(anonymous_13)
FNDA:1,(anonymous_14)
FNDA:28,(anonymous_15)
FNDA:48,(anonymous_16)
FNDA:1,(anonymous_17)
FNDA:0,(anonymous_18)
FNDA:0,(anonymous_19)
FNDA:0,(anonymous_20)
DA:7,2
DA:8,2
DA:9,2
DA:10,1
DA:12,0
DA:16,1
DA:19,42
DA:20,42
DA:22,42
DA:23,42
DA:24,42
DA:25,42
DA:27,42
DA:28,35
DA:32,42
DA:33,42
DA:34,42
DA:36,42
DA:38,42
DA:39,0
DA:40,0
DA:44,42
DA:45,4
DA:46,4
DA:49,42
DA:50,1
DA:51,2
DA:54,42
DA:55,2
DA:56,2
DA:57,2
DA:58,1
DA:59,1
DA:63,1
DA:64,1
DA:65,1
DA:66,1
DA:69,0
DA:70,0
DA:71,0
DA:76,0
DA:83,0
DA:84,0
DA:86,0
DA:87,0
DA:88,0
DA:90,0
DA:94,42
DA:103,1
DA:130,28
DA:157,48
DA:168,1
DA:183,0
DA:195,0
DA:207,0
LF:55
LH:39
BRDA:9,0,0,1
BRDA:9,0,1,1
BRDA:28,1,0,35
BRDA:28,1,1,7
BRDA:32,2,0,42
BRDA:32,2,1,0
BRDA:33,3,0,42
BRDA:33,3,1,0
BRDA:34,4,0,42
BRDA:34,4,1,0
BRDA:36,5,0,42
BRDA:36,5,1,32
BRDA:40,6,0,0
BRDA:40,6,1,0
BRDA:45,7,0,0
BRDA:45,7,1,4
BRDA:50,8,0,0
BRDA:50,8,1,1
BRDA:57,9,0,1
BRDA:57,9,1,1
BRDA:63,10,0,1
BRDA:63,10,1,0
BRDA:64,11,0,1
BRDA:64,11,1,0
BRDA:78,12,0,0
BRDA:78,12,1,0
BRDA:87,13,0,0
BRDA:87,13,1,0
BRDA:87,13,2,0
BRDA:115,14,0,42
BRDA:115,14,1,2
BRDA:165,15,0,48
BRDA:165,15,1,12
BRDA:229,16,0,42
BRDA:229,16,1,10
BRDA:244,17,0,6
BRDA:244,17,1,36
BRDA:255,18,0,36
BRDA:255,18,1,6
BRDA:256,19,0,0
BRDA:256,19,1,36
BRDA:263,20,0,42
BRDA:263,20,1,4
BRDA:267,21,0,0
BRDA:267,21,1,42
BRF:45
BRH:29
end_of_record
TN:
SF:src\pages\DashboardPage.jsx
FN:19,DashboardPage
FN:30,(anonymous_1)
FN:31,(anonymous_2)
FN:44,(anonymous_3)
FN:72,(anonymous_4)
FN:73,(anonymous_5)
FN:77,(anonymous_6)
FN:78,(anonymous_7)
FN:167,(anonymous_8)
FN:186,(anonymous_9)
FN:214,(anonymous_10)
FNF:11
FNH:8
FNDA:12,DashboardPage
FNDA:6,(anonymous_1)
FNDA:6,(anonymous_2)
FNDA:2,(anonymous_3)
FNDA:3,(anonymous_4)
FNDA:3,(anonymous_5)
FNDA:3,(anonymous_6)
FNDA:1,(anonymous_7)
FNDA:0,(anonymous_8)
FNDA:0,(anonymous_9)
FNDA:0,(anonymous_10)
DA:9,1
DA:20,12
DA:21,12
DA:23,12
DA:24,12
DA:25,12
DA:26,12
DA:27,12
DA:28,12
DA:30,12
DA:31,6
DA:32,6
DA:33,6
DA:39,6
DA:40,6
DA:41,6
DA:42,6
DA:44,6
DA:45,6
DA:46,2
DA:47,2
DA:48,2
DA:50,0
DA:54,0
DA:56,6
DA:59,6
DA:62,12
DA:63,6
DA:72,6
DA:73,6
DA:77,6
DA:78,1
DA:79,12
DA:81,12
DA:167,0
DA:187,0
DA:215,0
LF:37
LH:32
BRDA:45,0,0,2
BRDA:45,0,1,4
BRDA:62,1,0,6
BRDA:62,1,1,6
BRDA:77,2,0,6
BRDA:77,2,1,5
BRDA:79,3,0,1
BRDA:79,3,1,5
BRDA:103,4,0,12
BRDA:103,4,1,2
BRDA:110,5,0,2
BRDA:110,5,1,4
BRDA:126,6,0,0
BRDA:126,6,1,6
BRDA:140,7,0,0
BRDA:140,7,1,0
BRDA:197,8,0,12
BRDA:197,8,1,6
BRDA:228,9,0,12
BRDA:228,9,1,6
BRF:20
BRH:17
end_of_record
TN:
SF:src\pages\LoginPage.jsx
FN:5,LoginPage
FN:14,(anonymous_1)
FN:86,(anonymous_2)
FN:104,(anonymous_3)
FN:108,(anonymous_4)
FN:121,(anonymous_5)
FN:152,(anonymous_6)
FN:167,(anonymous_7)
FNF:8
FNH:6
FNDA:55,LoginPage
FNDA:2,(anonymous_1)
FNDA:24,(anonymous_2)
FNDA:20,(anonymous_3)
FNDA:1,(anonymous_4)
FNDA:1,(anonymous_5)
FNDA:0,(anonymous_6)
FNDA:0,(anonymous_7)
DA:6,55
DA:7,55
DA:8,55
DA:9,55
DA:10,55
DA:11,55
DA:12,55
DA:14,55
DA:15,2
DA:16,2
DA:17,2
DA:18,2
DA:19,1
DA:20,1
DA:22,1
DA:24,2
DA:28,55
DA:86,24
DA:104,20
DA:108,1
DA:121,1
DA:152,0
DA:167,0
LF:23
LH:21
BRDA:101,0,0,1
BRDA:101,0,1,54
BRDA:111,1,0,1
BRDA:111,1,1,54
BRDA:130,2,0,55
BRDA:130,2,1,1
BRDA:140,3,0,2
BRDA:140,3,1,53
BRF:8
BRH:8
end_of_record
TN:
SF:src\pages\MatchesPage.jsx
FN:15,MatchesPage
FN:36,(anonymous_1)
FN:53,(anonymous_2)
FN:57,(anonymous_3)
FN:85,(anonymous_4)
FN:123,(anonymous_5)
FN:149,(anonymous_6)
FN:153,(anonymous_7)
FN:163,(anonymous_8)
FN:167,(anonymous_9)
FN:199,(anonymous_10)
FN:203,(anonymous_11)
FN:211,(anonymous_12)
FN:212,(anonymous_13)
FN:221,(anonymous_14)
FN:233,(anonymous_15)
FN:274,(anonymous_16)
FNF:17
FNH:15
FNDA:24,MatchesPage
FNDA:8,(anonymous_1)
FNDA:8,(anonymous_2)
FNDA:2,(anonymous_3)
FNDA:2,(anonymous_4)
FNDA:7,(anonymous_5)
FNDA:1,(anonymous_6)
FNDA:32,(anonymous_7)
FNDA:1,(anonymous_8)
FNDA:32,(anonymous_9)
FNDA:2,(anonymous_10)
FNDA:6,(anonymous_11)
FNDA:3,(anonymous_12)
FNDA:3,(anonymous_13)
FNDA:0,(anonymous_14)
FNDA:0,(anonymous_15)
FNDA:7,(anonymous_16)
DA:8,1
DA:16,24
DA:18,24
DA:19,24
DA:20,24
DA:21,24
DA:24,24
DA:25,24
DA:26,24
DA:27,24
DA:30,24
DA:31,24
DA:32,24
DA:33,24
DA:34,24
DA:36,24
DA:37,8
DA:38,8
DA:43,8
DA:44,8
DA:45,8
DA:47,0
DA:49,8
DA:53,24
DA:54,8
DA:57,24
DA:58,2
DA:59,2
DA:60,1
DA:61,1
DA:63,1
DA:64,1
DA:65,1
DA:67,0
DA:68,0
DA:69,0
DA:74,0
DA:75,0
DA:76,0
DA:78,0
DA:79,0
DA:81,0
DA:85,24
DA:86,2
DA:87,2
DA:88,1
DA:89,1
DA:91,1
DA:92,1
DA:93,1
DA:95,0
DA:96,0
DA:97,0
DA:101,0
DA:102,0
DA:103,0
DA:104,0
DA:106,0
DA:107,0
DA:109,0
DA:113,24
DA:114,8
DA:123,16
DA:125,16
DA:149,1
DA:154,32
DA:163,1
DA:168,32
DA:199,2
DA:204,6
DA:212,3
DA:213,3
DA:221,0
DA:233,0
DA:275,7
DA:276,7
LF:76
LH:54
BRDA:59,0,0,1
BRDA:59,0,1,1
BRDA:59,1,0,2
BRDA:59,1,1,1
BRDA:63,2,0,1
BRDA:63,2,1,0
BRDA:87,3,0,1
BRDA:87,3,1,1
BRDA:91,4,0,1
BRDA:91,4,1,0
BRDA:91,5,0,1
BRDA:91,5,1,0
BRDA:113,6,0,8
BRDA:113,6,1,16
BRDA:123,7,0,7
BRDA:123,7,1,2
BRDA:173,8,0,24
BRDA:173,8,1,2
BRDA:182,9,0,0
BRDA:182,9,1,16
BRDA:211,10,0,24
BRDA:211,10,1,3
BRDA:213,11,0,3
BRDA:213,11,1,0
BRDA:242,12,0,24
BRDA:242,12,1,2
BRDA:251,13,0,0
BRDA:251,13,1,16
BRDA:261,14,0,10
BRDA:261,14,1,6
BRDA:275,15,0,7
BRDA:275,15,1,0
BRDA:280,16,0,1
BRDA:280,16,1,6
BRF:34
BRH:27
end_of_record
TN:
SF:src\pages\NewTournamentPage.jsx
FN:5,NewTournamentPage
FN:23,(anonymous_1)
FN:23,(anonymous_2)
FN:25,(anonymous_3)
FN:55,(anonymous_4)
FN:90,(anonymous_5)
FN:105,(anonymous_6)
FN:115,(anonymous_7)
FN:133,(anonymous_8)
FN:144,(anonymous_9)
FN:165,(anonymous_10)
FN:176,(anonymous_11)
FN:187,(anonymous_12)
FN:198,(anonymous_13)
FNF:14
FNH:8
FNDA:27,NewTournamentPage
FNDA:16,(anonymous_1)
FNDA:16,(anonymous_2)
FNDA:2,(anonymous_3)
FNDA:1,(anonymous_4)
FNDA:9,(anonymous_5)
FNDA:6,(anonymous_6)
FNDA:1,(anonymous_7)
FNDA:0,(anonymous_8)
FNDA:0,(anonymous_9)
FNDA:0,(anonymous_10)
FNDA:0,(anonymous_11)
FNDA:0,(anonymous_12)
FNDA:0,(anonymous_13)
DA:6,27
DA:8,27
DA:20,27
DA:21,27
DA:23,27
DA:25,27
DA:26,2
DA:27,2
DA:28,2
DA:29,2
DA:30,1
DA:32,1
DA:34,2
DA:39,27
DA:40,27
DA:42,27
DA:55,1
DA:90,9
DA:105,6
DA:115,1
DA:133,0
DA:144,0
DA:165,0
DA:176,0
DA:187,0
DA:198,0
LF:26
LH:20
BRDA:65,0,0,2
BRDA:65,0,1,25
BRDA:205,1,0,27
BRDA:205,1,1,1
BRDA:227,2,0,27
BRDA:227,2,1,21
BRDA:244,3,0,26
BRDA:244,3,1,1
BRF:8
BRH:8
end_of_record
TN:
SF:src\pages\ProfileViewPage.jsx
FN:10,getUserFromToken
FN:20,formatTime
FN:25,ProfileViewPage
FN:39,(anonymous_3)
FN:40,(anonymous_4)
FN:62,(anonymous_5)
FN:63,(anonymous_6)
FN:66,(anonymous_7)
FN:67,(anonymous_8)
FN:71,(anonymous_9)
FN:72,(anonymous_10)
FN:75,(anonymous_11)
FN:85,(anonymous_12)
FN:85,(anonymous_13)
FN:89,(anonymous_14)
FN:124,(anonymous_15)
FN:161,(anonymous_16)
FN:169,(anonymous_17)
FN:174,(anonymous_18)
FN:184,(anonymous_19)
FNF:20
FNH:18
FNDA:15,getUserFromToken
FNDA:36,formatTime
FNDA:15,ProfileViewPage
FNDA:7,(anonymous_3)
FNDA:7,(anonymous_4)
FNDA:5,(anonymous_5)
FNDA:0,(anonymous_6)
FNDA:29,(anonymous_7)
FNDA:35,(anonymous_8)
FNDA:6,(anonymous_9)
FNDA:3,(anonymous_10)
FNDA:1,(anonymous_11)
FNDA:1,(anonymous_12)
FNDA:1,(anonymous_13)
FNDA:0,(anonymous_14)
FNDA:1,(anonymous_15)
FNDA:56,(anonymous_16)
FNDA:4,(anonymous_17)
FNDA:28,(anonymous_18)
FNDA:1,(anonymous_19)
DA:7,1
DA:8,1
DA:11,15
DA:12,15
DA:13,15
DA:14,14
DA:16,0
DA:22,36
DA:26,15
DA:28,15
DA:29,15
DA:30,15
DA:31,15
DA:32,15
DA:34,15
DA:35,15
DA:36,15
DA:39,15
DA:40,7
DA:41,7
DA:42,6
DA:43,6
DA:44,6
DA:48,6
DA:49,6
DA:51,0
DA:52,0
DA:54,6
DA:57,7
DA:61,15
DA:62,5
DA:63,0
DA:66,15
DA:67,35
DA:71,15
DA:72,6
DA:75,15
DA:76,1
DA:77,1
DA:79,1
DA:80,1
DA:81,1
DA:82,1
DA:84,1
DA:85,1
DA:88,0
DA:89,0
DA:92,0
DA:94,1
DA:98,15
DA:99,15
DA:101,15
DA:124,1
DA:162,56
DA:170,4
DA:175,28
DA:176,28
DA:177,28
DA:178,28
DA:179,28
DA:184,1
LF:61
LH:54
BRDA:13,0,0,1
BRDA:13,0,1,14
BRDA:22,1,0,36
BRDA:22,1,1,0
BRDA:36,2,0,15
BRDA:36,2,1,1
BRDA:36,2,2,1
BRDA:41,3,0,1
BRDA:41,3,1,6
BRDA:67,4,0,35
BRDA:67,4,1,6
BRDA:67,4,2,6
BRDA:77,5,0,0
BRDA:77,5,1,1
BRDA:82,6,0,1
BRDA:82,6,1,0
BRDA:117,7,0,15
BRDA:117,7,1,1
BRDA:120,8,0,15
BRDA:120,8,1,1
BRDA:141,9,0,15
BRDA:141,9,1,1
BRDA:146,10,0,15
BRDA:146,10,1,0
BRDA:152,11,0,7
BRDA:152,11,1,8
BRDA:176,12,0,5
BRDA:176,12,1,23
BRDA:183,13,0,28
BRDA:183,13,1,5
BRDA:186,14,0,23
BRDA:186,14,1,5
BRDA:188,15,0,2
BRDA:188,15,1,3
BRF:34
BRH:30
end_of_record
TN:
SF:src\pages\StandingsPage.jsx
FN:8,StandingsPage
FN:16,(anonymous_1)
FN:17,(anonymous_2)
FN:46,(anonymous_3)
FN:77,(anonymous_4)
FN:126,(anonymous_5)
FNF:6
FNH:6
FNDA:10,StandingsPage
FNDA:5,(anonymous_1)
FNDA:5,(anonymous_2)
FNDA:1,(anonymous_3)
FNDA:2,(anonymous_4)
FNDA:1,(anonymous_5)
DA:9,10
DA:11,10
DA:12,10
DA:13,10
DA:14,10
DA:16,10
DA:17,5
DA:18,5
DA:19,5
DA:24,5
DA:25,5
DA:26,5
DA:28,0
DA:30,5
DA:33,5
DA:36,10
DA:37,5
DA:46,5
DA:48,5
DA:78,2
DA:79,2
DA:80,2
DA:127,1
LF:23
LH:22
BRDA:36,0,0,5
BRDA:36,0,1,5
BRDA:83,1,0,1
BRDA:83,1,1,1
BRDA:86,2,0,1
BRDA:86,2,1,1
BRDA:101,3,0,1
BRDA:101,3,1,1
BRDA:101,4,0,1
BRDA:101,4,1,0
BRDA:102,5,0,1
BRDA:102,5,1,1
BRDA:108,6,0,10
BRDA:108,6,1,4
BRDA:122,7,0,4
BRDA:122,7,1,1
BRF:16
BRH:15
end_of_record
TN:
SF:src\pages\TeamDetailPage.jsx
FN:6,TeamDetailPage
FN:14,(anonymous_1)
FN:15,(anonymous_2)
FN:48,(anonymous_3)
FN:67,(anonymous_4)
FN:115,(anonymous_5)
FNF:6
FNH:5
FNDA:10,TeamDetailPage
FNDA:5,(anonymous_1)
FNDA:5,(anonymous_2)
FNDA:1,(anonymous_3)
FNDA:0,(anonymous_4)
FNDA:5,(anonymous_5)
DA:7,10
DA:8,10
DA:10,10
DA:11,10
DA:12,10
DA:14,10
DA:15,5
DA:16,5
DA:17,5
DA:18,5
DA:19,3
DA:21,2
DA:22,2
DA:24,5
DA:28,5
DA:31,10
DA:32,5
DA:41,5
DA:42,2
DA:48,1
DA:59,3
DA:67,0
DA:116,5
DA:117,5
LF:24
LH:23
BRDA:31,0,0,5
BRDA:31,0,1,5
BRDA:41,1,0,2
BRDA:41,1,1,3
BRDA:41,2,0,5
BRDA:41,2,1,3
BRDA:46,3,0,2
BRDA:46,3,1,0
BRDA:85,4,0,3
BRDA:85,4,1,0
BRDA:86,5,0,10
BRDA:86,5,1,1
BRDA:89,6,0,10
BRDA:89,6,1,0
BRDA:89,7,0,3
BRDA:89,7,1,0
BRDA:100,8,0,10
BRDA:100,8,1,0
BRDA:104,9,0,2
BRDA:104,9,1,1
BRDA:104,10,0,10
BRDA:104,10,1,3
BRDA:129,11,0,2
BRDA:129,11,1,3
BRF:24
BRH:19
end_of_record
TN:
SF:src\pages\TeamViewPage.jsx
FN:6,getUserIdFromToken
FN:16,getUserNameFromToken
FN:26,TeamViewPage
FN:36,(anonymous_3)
FN:37,(anonymous_4)
FN:53,(anonymous_5)
FN:70,(anonymous_6)
FN:81,(anonymous_7)
FN:131,(anonymous_8)
FN:153,(anonymous_9)
FNF:10
FNH:8
FNDA:0,getUserIdFromToken
FNDA:10,getUserNameFromToken
FNDA:10,TeamViewPage
FNDA:5,(anonymous_3)
FNDA:5,(anonymous_4)
FNDA:3,(anonymous_5)
FNDA:1,(anonymous_6)
FNDA:0,(anonymous_7)
FNDA:3,(anonymous_8)
FNDA:1,(anonymous_9)
DA:7,0
DA:8,0
DA:9,0
DA:10,0
DA:12,0
DA:17,10
DA:18,10
DA:19,10
DA:20,0
DA:22,0
DA:27,10
DA:28,10
DA:30,10
DA:31,10
DA:32,10
DA:34,10
DA:36,10
DA:37,5
DA:38,5
DA:39,5
DA:40,5
DA:41,4
DA:43,1
DA:44,1
DA:46,5
DA:50,5
DA:53,10
DA:55,10
DA:70,1
DA:81,0
DA:132,3
DA:153,1
LF:32
LH:24
BRDA:9,0,0,0
BRDA:9,0,1,0
BRDA:19,1,0,10
BRDA:19,1,1,0
BRDA:20,2,0,0
BRDA:20,2,1,0
BRDA:65,3,0,9
BRDA:65,3,1,1
BRDA:65,4,0,9
BRDA:65,4,1,1
BRDA:78,5,0,10
BRDA:78,5,1,0
BRDA:97,6,0,10
BRDA:97,6,1,5
BRDA:103,7,0,10
BRDA:103,7,1,1
BRDA:103,7,2,1
BRDA:110,8,0,10
BRDA:110,8,1,5
BRDA:110,8,2,4
BRDA:110,8,3,2
BRDA:118,9,0,10
BRDA:118,9,1,5
BRDA:118,9,2,4
BRDA:118,9,3,2
BRDA:134,10,0,2
BRDA:134,10,1,1
BRDA:144,11,0,3
BRDA:144,11,1,0
BRDA:147,12,0,3
BRDA:147,12,1,0
BRF:31
BRH:23
end_of_record
TN:
SF:src\pages\TournamentsPage.jsx
FN:29,TournamentsPage
FN:35,(anonymous_1)
FN:36,(anonymous_2)
FN:49,(anonymous_3)
FN:86,(anonymous_4)
FN:89,(anonymous_5)
FN:114,(anonymous_6)
FN:137,(anonymous_7)
FNF:8
FNH:8
FNDA:12,TournamentsPage
FNDA:6,(anonymous_1)
FNDA:6,(anonymous_2)
FNDA:1,(anonymous_3)
FNDA:3,(anonymous_4)
FNDA:1,(anonymous_5)
FNDA:1,(anonymous_6)
FNDA:1,(anonymous_7)
DA:5,1
DA:10,1
DA:17,1
DA:24,1
DA:30,12
DA:31,12
DA:32,12
DA:33,12
DA:35,12
DA:36,6
DA:37,6
DA:38,6
DA:39,5
DA:41,1
DA:43,6
DA:46,6
DA:49,12
DA:50,1
DA:51,1
DA:54,12
DA:87,3
DA:89,1
DA:114,1
DA:138,1
DA:139,1
LF:25
LH:25
BRDA:74,0,0,12
BRDA:74,0,1,6
BRDA:78,1,0,12
BRDA:78,1,1,1
BRDA:83,2,0,12
BRDA:83,2,1,6
BRDA:83,2,2,5
BRDA:95,3,0,3
BRDA:95,3,1,0
BRDA:129,4,0,12
BRDA:129,4,1,6
BRDA:129,4,2,5
BRDA:129,4,3,3
BRF:13
BRH:12
end_of_record
